

	Журнал регистрации ошибок, импортирование файла C:\Users\SALMON\Desktop\Модели\P1\17184-PTR39153.STP.

#89 063 Предупреждение: Тороидальная поверхность вырождена.
#91 772 Предупреждение: Тороидальная поверхность вырождена.
#139 669 Предупреждение: Тороидальная поверхность вырождена.
#162 497 Предупреждение: Тороидальная поверхность вырождена.
#189 843 Предупреждение: Тороидальная поверхность вырождена.
#195 049 Предупреждение: Тороидальная поверхность вырождена.
#248 381 Предупреждение: Тороидальная поверхность вырождена.
#257 017 Предупреждение: Тороидальная поверхность вырождена.
#261 545 Предупреждение: Тороидальная поверхность вырождена.
#272 955 Предупреждение: Тороидальная поверхность вырождена.
#107 600 Предупреждение: Исправлена параметризация кривой.
#139 093 Предупреждение: Исправлена параметризация кривой.
#215 807 Предупреждение: Исправлена параметризация кривой.
#102 382 Предупреждение: Исправлена параметризация кривой.
#52 665 Предупреждение: Исправлена параметризация кривой.
#202 558 Предупреждение: Исправлена параметризация кривой.
#42 460 Предупреждение: Исправлена параметризация кривой.
#83 479 Предупреждение: Исправлена параметризация кривой.
#219 470 Предупреждение: Исправлена параметризация кривой.
#174 920 Предупреждение: Исправлена параметризация кривой.
#12 866 Предупреждение: Исправлена параметризация кривой.
#64 431 Предупреждение: Исправлена параметризация кривой.
#166 644 Предупреждение: Исправлена параметризация кривой.
#228 023 Предупреждение: Исправлена параметризация кривой.
#104 839 Предупреждение: Исправлена параметризация кривой.
#161 450 Предупреждение: Исправлена параметризация кривой.
#124 372 Предупреждение: Исправлена параметризация кривой.
#239 745 Предупреждение: Исправлена параметризация кривой.
#34 141 Предупреждение: Исправлена параметризация кривой.
#51 087 Предупреждение: Исправлена параметризация кривой.
#166 885 Предупреждение: Исправлена параметризация кривой.
#36 469 Предупреждение: Исправлена параметризация кривой.
#69 204 Предупреждение: Исправлена параметризация кривой.
#225 610 Предупреждение: Исправлена параметризация кривой.
#179 534 Предупреждение: Исправлена параметризация кривой.
#69 943 Предупреждение: Исправлена параметризация кривой.
#202 441 Предупреждение: Исправлена параметризация кривой.
#207 825 Предупреждение: Исправлена параметризация кривой.
#317 Предупреждение: Исправлена параметризация кривой.
#108 137 Предупреждение: Исправлена параметризация кривой.
#30 063 Предупреждение: Исправлена параметризация кривой.
#46 574 Предупреждение: Исправлена параметризация кривой.
#209 470 Предупреждение: Исправлена параметризация кривой.
#159 520 Предупреждение: Исправлена параметризация кривой.
#34 216 Предупреждение: Исправлена параметризация кривой.
#102 704 Предупреждение: Исправлена параметризация кривой.
#262 641 Предупреждение: Исправлена параметризация кривой.
#11 363 Предупреждение: Исправлена параметризация кривой.
#224 562 Предупреждение: Исправлена параметризация кривой.
#238 228 Предупреждение: Исправлена параметризация кривой.
#156 738 Предупреждение: Исправлена параметризация кривой.
#182 167 Предупреждение: Исправлена параметризация кривой.
#23 769 Предупреждение: Исправлена параметризация кривой.
#16 173 Предупреждение: Исправлена параметризация кривой.
#26 346 Предупреждение: Исправлена параметризация кривой.
#135 962 Предупреждение: Исправлена параметризация кривой.
#123 026 Предупреждение: Исправлена параметризация кривой.
#197 932 Предупреждение: Исправлена параметризация кривой.
#142 605 Предупреждение: Исправлена параметризация кривой.
#190 162 Предупреждение: Исправлена параметризация кривой.
#226 916 Предупреждение: Исправлена параметризация кривой.
#270 503 Предупреждение: Исправлена параметризация кривой.
#190 135 Предупреждение: Исправлена параметризация кривой.
#81 149 Предупреждение: Исправлена параметризация кривой.
#223 825 Предупреждение: Исправлена параметризация кривой.
#151 623 Предупреждение: Исправлена параметризация кривой.
#140 406 Предупреждение: Исправлена параметризация кривой.
#228 798 Предупреждение: Исправлена параметризация кривой.
#236 892 Предупреждение: Исправлена параметризация кривой.
#24 741 Предупреждение: Исправлена параметризация кривой.
#234 245 Предупреждение: Исправлена параметризация кривой.
#118 369 Предупреждение: Исправлена параметризация кривой.
#218 209 Предупреждение: Исправлена параметризация кривой.
#53 298 Предупреждение: Исправлена параметризация кривой.
#29 949 Предупреждение: Исправлена параметризация кривой.
#65 550 Предупреждение: Исправлена параметризация кривой.
#176 808 Предупреждение: Исправлена параметризация кривой.
#89 656 Предупреждение: Исправлена параметризация кривой.
#209 242 Предупреждение: Исправлена параметризация кривой.
#189 793 Предупреждение: Исправлена параметризация кривой.
#53 997 Предупреждение: Исправлена параметризация кривой.
#92 624 Предупреждение: Исправлена параметризация кривой.
#222 459 Предупреждение: Исправлена параметризация кривой.
#215 059 Предупреждение: Исправлена параметризация кривой.
#186 104 Предупреждение: Исправлена параметризация кривой.
#258 208 Предупреждение: Исправлена параметризация кривой.
#18 137 Предупреждение: Исправлена параметризация кривой.
#197 626 Предупреждение: Исправлена параметризация кривой.
#205 189 Предупреждение: Исправлена параметризация кривой.
#241 435 Предупреждение: Исправлена параметризация кривой.
#243 370 Предупреждение: Исправлена параметризация кривой.
#244 312 Предупреждение: Исправлена параметризация кривой.
#30 726 Предупреждение: Исправлена параметризация кривой.
#192 704 Предупреждение: Исправлена параметризация кривой.
#177 927 Предупреждение: Исправлена параметризация кривой.
#186 041 Предупреждение: Исправлена параметризация кривой.
#60 099 Предупреждение: Исправлена параметризация кривой.
#261 546 Предупреждение: Исправлена параметризация кривой.
#141 710 Предупреждение: Исправлена параметризация кривой.
#21 590 Предупреждение: Исправлена параметризация кривой.
#61 469 Предупреждение: Исправлена параметризация кривой.
#203 308 Предупреждение: Исправлена параметризация кривой.
#7 099 Предупреждение: Исправлена параметризация кривой.
#200 532 Предупреждение: Исправлена параметризация кривой.
#93 254 Предупреждение: Исправлена параметризация кривой.
#44 237 Предупреждение: Исправлена параметризация кривой.
#43 253 Предупреждение: Исправлена параметризация кривой.
#46 901 Предупреждение: Исправлена параметризация кривой.
#19 288 Предупреждение: Исправлена параметризация кривой.
#263 561 Предупреждение: Исправлена параметризация кривой.
#196 980 Предупреждение: Исправлена параметризация кривой.
#116 245 Предупреждение: Исправлена параметризация кривой.
#141 811 Предупреждение: Исправлена параметризация кривой.
#57 517 Предупреждение: Исправлена параметризация кривой.
#211 372 Предупреждение: Исправлена параметризация кривой.
#199 495 Предупреждение: Исправлена параметризация кривой.
#247 371 Предупреждение: Исправлена параметризация кривой.
#227 Предупреждение: Исправлена параметризация кривой.
#1 933 Предупреждение: Исправлена параметризация кривой.
#228 485 Предупреждение: Исправлена параметризация кривой.
#25 939 Предупреждение: Исправлена параметризация кривой.
#102 605 Предупреждение: Исправлена параметризация кривой.
#158 217 Предупреждение: Исправлена параметризация кривой.
#34 031 Предупреждение: Исправлена параметризация кривой.
#13 025 Предупреждение: Исправлена параметризация кривой.
#141 737 Предупреждение: Исправлена параметризация кривой.
#234 337 Предупреждение: Исправлена параметризация кривой.
#119 104 Предупреждение: Исправлена параметризация кривой.
#123 452 Предупреждение: Исправлена параметризация кривой.
#151 757 Предупреждение: Исправлена параметризация кривой.
#262 650 Предупреждение: Исправлена параметризация кривой.
#255 517 Предупреждение: Исправлена параметризация кривой.
#247 696 Предупреждение: Исправлена параметризация кривой.
#189 205 Предупреждение: Исправлена параметризация кривой.
#182 510 Предупреждение: Исправлена параметризация кривой.
#227 849 Предупреждение: Исправлена параметризация кривой.
#2 360 Предупреждение: Исправлена параметризация кривой.
#67 577 Предупреждение: Исправлена параметризация кривой.
#129 946 Предупреждение: Исправлена параметризация кривой.
#219 923 Предупреждение: Исправлена параметризация кривой.
#134 245 Предупреждение: Исправлена параметризация кривой.
#163 486 Предупреждение: Исправлена параметризация кривой.
#215 720 Предупреждение: Исправлена параметризация кривой.
#68 227 Предупреждение: Исправлена параметризация кривой.
#83 387 Предупреждение: Исправлена параметризация кривой.
#75 075 Предупреждение: Исправлена параметризация кривой.
#32 894 Предупреждение: Исправлена параметризация кривой.
#234 582 Предупреждение: Исправлена параметризация кривой.
#262 542 Предупреждение: Исправлена параметризация кривой.
#152 998 Предупреждение: Исправлена параметризация кривой.
#101 777 Предупреждение: Исправлена параметризация кривой.
#68 196 Предупреждение: Исправлена параметризация кривой.
#63 924 Предупреждение: Исправлена параметризация кривой.
#167 330 Предупреждение: Исправлена параметризация кривой.
#140 417 Предупреждение: Исправлена параметризация кривой.
#185 496 Предупреждение: Исправлена параметризация кривой.
#245 513 Предупреждение: Исправлена параметризация кривой.
#261 745 Предупреждение: Исправлена параметризация кривой.
#26 642 Предупреждение: Исправлена параметризация кривой.
#237 588 Предупреждение: Исправлена параметризация кривой.
#110 402 Предупреждение: Исправлена параметризация кривой.
#58 264 Предупреждение: Исправлена параметризация кривой.
#86 676 Предупреждение: Исправлена параметризация кривой.
#273 528 Предупреждение: Исправлена параметризация кривой.
#186 255 Предупреждение: Исправлена параметризация кривой.
#85 318 Предупреждение: Исправлена параметризация кривой.
#170 526 Предупреждение: Исправлена параметризация кривой.
#124 763 Предупреждение: Исправлена параметризация кривой.
#210 320 Предупреждение: Исправлена параметризация кривой.
#256 042 Предупреждение: Исправлена параметризация кривой.
#92 920 Предупреждение: Исправлена параметризация кривой.
#266 782 Предупреждение: Исправлена параметризация кривой.
#34 982 Предупреждение: Исправлена параметризация кривой.
#234 779 Предупреждение: Исправлена параметризация кривой.
#218 244 Предупреждение: Исправлена параметризация кривой.
#233 866 Предупреждение: Исправлена параметризация кривой.
#117 968 Предупреждение: Исправлена параметризация кривой.
#14 853 Предупреждение: Исправлена параметризация кривой.
#173 779 Предупреждение: Исправлена параметризация кривой.
#7 867 Предупреждение: Исправлена параметризация кривой.
#70 644 Предупреждение: Исправлена параметризация кривой.
#12 265 Предупреждение: Исправлена параметризация кривой.
#27 926 Предупреждение: Исправлена параметризация кривой.
#3 833 Предупреждение: Исправлена параметризация кривой.
#244 939 Предупреждение: Исправлена параметризация кривой.
#56 640 Предупреждение: Исправлена параметризация кривой.
#208 151 Предупреждение: Исправлена параметризация кривой.
#178 282 Предупреждение: Исправлена параметризация кривой.
#215 821 Предупреждение: Исправлена параметризация кривой.
#189 262 Предупреждение: Исправлена параметризация кривой.
#92 111 Предупреждение: Исправлена параметризация кривой.
#104 183 Предупреждение: Исправлена параметризация кривой.
#181 795 Предупреждение: Исправлена параметризация кривой.
#16 188 Предупреждение: Исправлена параметризация кривой.
#88 851 Предупреждение: Исправлена параметризация кривой.
#222 044 Предупреждение: Исправлена параметризация кривой.
#272 718 Предупреждение: Исправлена параметризация кривой.
#233 236 Предупреждение: Исправлена параметризация кривой.
#60 451 Предупреждение: Исправлена параметризация кривой.
#91 423 Предупреждение: Исправлена параметризация кривой.
#209 466 Предупреждение: Исправлена параметризация кривой.
#155 719 Предупреждение: Исправлена параметризация кривой.
#224 283 Предупреждение: Исправлена параметризация кривой.
#264 756 Предупреждение: Исправлена параметризация кривой.
#152 639 Предупреждение: Исправлена параметризация кривой.
#231 737 Предупреждение: Исправлена параметризация кривой.
#69 533 Предупреждение: Исправлена параметризация кривой.
#138 548 Предупреждение: Исправлена параметризация кривой.
#159 718 Предупреждение: Исправлена параметризация кривой.
#125 411 Предупреждение: Исправлена параметризация кривой.
#236 454 Предупреждение: Исправлена параметризация кривой.
#230 682 Предупреждение: Исправлена параметризация кривой.
#238 505 Предупреждение: Исправлена параметризация кривой.
#267 379 Предупреждение: Исправлена параметризация кривой.
#9 669 Предупреждение: Исправлена параметризация кривой.
#34 898 Предупреждение: Исправлена параметризация кривой.
#39 277 Предупреждение: Исправлена параметризация кривой.
#174 472 Предупреждение: Исправлена параметризация кривой.
#22 257 Предупреждение: Исправлена параметризация кривой.
#173 221 Предупреждение: Исправлена параметризация кривой.
#24 652 Предупреждение: Исправлена параметризация кривой.
#108 139 Предупреждение: Исправлена параметризация кривой.
#263 203 Предупреждение: Исправлена параметризация кривой.
#192 260 Предупреждение: Исправлена параметризация кривой.
#228 360 Предупреждение: Исправлена параметризация кривой.
#21 649 Предупреждение: Исправлена параметризация кривой.
#102 006 Предупреждение: Исправлена параметризация кривой.
#5 615 Предупреждение: Исправлена параметризация кривой.
#58 771 Предупреждение: Исправлена параметризация кривой.
#23 776 Предупреждение: Исправлена параметризация кривой.
#40 011 Предупреждение: Исправлена параметризация кривой.
#227 462 Предупреждение: Исправлена параметризация кривой.
#259 165 Предупреждение: Исправлена параметризация кривой.
#7 783 Предупреждение: Исправлена параметризация кривой.
#207 151 Предупреждение: Исправлена параметризация кривой.
#202 632 Предупреждение: Исправлена параметризация кривой.
#103 645 Предупреждение: Исправлена параметризация кривой.
#16 069 Предупреждение: Исправлена параметризация кривой.
#28 242 Предупреждение: Исправлена параметризация кривой.
#115 221 Предупреждение: Исправлена параметризация кривой.
#215 395 Предупреждение: Исправлена параметризация кривой.
#189 803 Предупреждение: Исправлена параметризация кривой.
#128 295 Предупреждение: Исправлена параметризация кривой.
#105 190 Предупреждение: Исправлена параметризация кривой.
#197 011 Предупреждение: Исправлена параметризация кривой.
#28 790 Предупреждение: Исправлена параметризация кривой.
#157 067 Предупреждение: Исправлена параметризация кривой.
#158 443 Предупреждение: Исправлена параметризация кривой.
#79 154 Предупреждение: Исправлена параметризация кривой.
#260 276 Предупреждение: Исправлена параметризация кривой.
#109 515 Предупреждение: Исправлена параметризация кривой.
#4 111 Предупреждение: Исправлена параметризация кривой.
#94 146 Предупреждение: Исправлена параметризация кривой.
#32 833 Предупреждение: Исправлена параметризация кривой.
#271 192 Предупреждение: Исправлена параметризация кривой.
#211 796 Предупреждение: Исправлена параметризация кривой.
#170 094 Предупреждение: Исправлена параметризация кривой.
#83 753 Предупреждение: Исправлена параметризация кривой.
#87 658 Предупреждение: Исправлена параметризация кривой.
#132 385 Предупреждение: Исправлена параметризация кривой.
#54 714 Предупреждение: Исправлена параметризация кривой.
#53 023 Предупреждение: Исправлена параметризация кривой.
#139 884 Предупреждение: Исправлена параметризация кривой.
#205 151 Предупреждение: Исправлена параметризация кривой.
#116 437 Предупреждение: Исправлена параметризация кривой.
#6 599 Предупреждение: Исправлена параметризация кривой.
#12 928 Предупреждение: Исправлена параметризация кривой.
#178 891 Предупреждение: Исправлена параметризация кривой.
#155 083 Предупреждение: Исправлена параметризация кривой.
#77 109 Предупреждение: Исправлена параметризация кривой.
#110 490 Предупреждение: Исправлена параметризация кривой.
#151 271 Предупреждение: Исправлена параметризация кривой.
#266 460 Предупреждение: Исправлена параметризация кривой.
#11 920 Предупреждение: Исправлена параметризация кривой.
#261 392 Предупреждение: Исправлена параметризация кривой.
#177 105 Предупреждение: Исправлена параметризация кривой.
#40 394 Предупреждение: Исправлена параметризация кривой.
#175 129 Предупреждение: Исправлена параметризация кривой.
#118 232 Предупреждение: Исправлена параметризация кривой.
#70 225 Предупреждение: Исправлена параметризация кривой.
#78 276 Предупреждение: Исправлена параметризация кривой.
#172 636 Предупреждение: Исправлена параметризация кривой.
#82 937 Предупреждение: Исправлена параметризация кривой.
#201 529 Предупреждение: Исправлена параметризация кривой.
#264 572 Предупреждение: Исправлена параметризация кривой.
#106 623 Предупреждение: Исправлена параметризация кривой.
#80 458 Предупреждение: Исправлена параметризация кривой.
#154 437 Предупреждение: Исправлена параметризация кривой.
#82 499 Предупреждение: Исправлена параметризация кривой.
#148 088 Предупреждение: Исправлена параметризация кривой.
#118 786 Предупреждение: Исправлена параметризация кривой.
#171 880 Предупреждение: Исправлена параметризация кривой.
#184 857 Предупреждение: Исправлена параметризация кривой.
#242 612 Предупреждение: Исправлена параметризация кривой.
#218 485 Предупреждение: Исправлена параметризация кривой.
#270 715 Предупреждение: Исправлена параметризация кривой.
#90 661 Предупреждение: Исправлена параметризация кривой.
#161 770 Предупреждение: Исправлена параметризация кривой.
#194 766 Предупреждение: Исправлена параметризация кривой.
#118 912 Предупреждение: Исправлена параметризация кривой.
#240 563 Предупреждение: Исправлена параметризация кривой.
#165 255 Предупреждение: Исправлена параметризация кривой.
#131 339 Предупреждение: Исправлена параметризация кривой.
#241 486 Предупреждение: Исправлена параметризация кривой.
#203 305 Предупреждение: Исправлена параметризация кривой.
#186 993 Предупреждение: Исправлена параметризация кривой.
#79 054 Предупреждение: Исправлена параметризация кривой.
#224 525 Предупреждение: Исправлена параметризация кривой.
#17 191 Предупреждение: Исправлена параметризация кривой.
#209 664 Предупреждение: Исправлена параметризация кривой.
#144 097 Предупреждение: Исправлена параметризация кривой.
#195 745 Предупреждение: Исправлена параметризация кривой.
#155 127 Предупреждение: Исправлена параметризация кривой.
#134 075 Предупреждение: Исправлена параметризация кривой.
#105 432 Предупреждение: Исправлена параметризация кривой.
#174 444 Предупреждение: Исправлена параметризация кривой.
#268 871 Предупреждение: Исправлена параметризация кривой.
#260 874 Предупреждение: Исправлена параметризация кривой.
#45 351 Предупреждение: Исправлена параметризация кривой.
#168 916 Предупреждение: Исправлена параметризация кривой.
#182 942 Предупреждение: Исправлена параметризация кривой.
#17 960 Предупреждение: Исправлена параметризация кривой.
#67 419 Предупреждение: Исправлена параметризация кривой.
#185 364 Предупреждение: Исправлена параметризация кривой.
#184 928 Предупреждение: Исправлена параметризация кривой.
#171 764 Предупреждение: Исправлена параметризация кривой.
#161 033 Предупреждение: Исправлена параметризация кривой.
#41 666 Предупреждение: Исправлена параметризация кривой.
#106 958 Предупреждение: Исправлена параметризация кривой.
#233 201 Предупреждение: Исправлена параметризация кривой.
#242 499 Предупреждение: Исправлена параметризация кривой.
#110 672 Предупреждение: Исправлена параметризация кривой.
#134 723 Предупреждение: Исправлена параметризация кривой.
#232 268 Предупреждение: Исправлена параметризация кривой.
#209 128 Предупреждение: Исправлена параметризация кривой.
#196 325 Предупреждение: Исправлена параметризация кривой.
#128 968 Предупреждение: Исправлена параметризация кривой.
#103 992 Предупреждение: Исправлена параметризация кривой.
#134 163 Предупреждение: Исправлена параметризация кривой.
#207 250 Предупреждение: Исправлена параметризация кривой.
#68 517 Предупреждение: Исправлена параметризация кривой.
#129 186 Предупреждение: Исправлена параметризация кривой.
#164 165 Предупреждение: Исправлена параметризация кривой.
#97 663 Предупреждение: Исправлена параметризация кривой.
#13 824 Предупреждение: Исправлена параметризация кривой.
#5 971 Предупреждение: Исправлена параметризация кривой.
#237 878 Предупреждение: Исправлена параметризация кривой.
#177 685 Предупреждение: Исправлена параметризация кривой.
#113 880 Предупреждение: Исправлена параметризация кривой.
#93 820 Предупреждение: Исправлена параметризация кривой.
#163 278 Предупреждение: Исправлена параметризация кривой.
#177 006 Предупреждение: Исправлена параметризация кривой.
#133 856 Предупреждение: Исправлена параметризация кривой.
#48 252 Предупреждение: Исправлена параметризация кривой.
#89 450 Предупреждение: Исправлена параметризация кривой.
#176 154 Предупреждение: Исправлена параметризация кривой.
#129 214 Предупреждение: Исправлена параметризация кривой.
#23 197 Предупреждение: Исправлена параметризация кривой.
#42 882 Предупреждение: Исправлена параметризация кривой.
#207 676 Предупреждение: Исправлена параметризация кривой.
#105 791 Предупреждение: Исправлена параметризация кривой.
#170 043 Предупреждение: Исправлена параметризация кривой.
#86 356 Предупреждение: Исправлена параметризация кривой.
#15 408 Предупреждение: Исправлена параметризация кривой.
#2 786 Предупреждение: Исправлена параметризация кривой.
#201 788 Предупреждение: Исправлена параметризация кривой.
#256 097 Предупреждение: Исправлена параметризация кривой.
#220 395 Предупреждение: Исправлена параметризация кривой.
#52 174 Предупреждение: Исправлена параметризация кривой.
#95 638 Предупреждение: Исправлена параметризация кривой.
#79 501 Предупреждение: Исправлена параметризация кривой.
#52 404 Предупреждение: Исправлена параметризация кривой.
#34 466 Предупреждение: Исправлена параметризация кривой.
#82 941 Предупреждение: Исправлена параметризация кривой.
#151 038 Предупреждение: Исправлена параметризация кривой.
#201 406 Предупреждение: Исправлена параметризация кривой.
#234 459 Предупреждение: Исправлена параметризация кривой.
#251 482 Предупреждение: Исправлена параметризация кривой.
#49 067 Предупреждение: Исправлена параметризация кривой.
#198 861 Предупреждение: Исправлена параметризация кривой.
#81 351 Предупреждение: Исправлена параметризация кривой.
#203 189 Предупреждение: Исправлена параметризация кривой.
#73 389 Предупреждение: Исправлена параметризация кривой.
#172 887 Предупреждение: Исправлена параметризация кривой.
#74 247 Предупреждение: Исправлена параметризация кривой.
#97 083 Предупреждение: Исправлена параметризация кривой.
#38 592 Предупреждение: Исправлена параметризация кривой.
#73 797 Предупреждение: Исправлена параметризация кривой.
#266 932 Предупреждение: Исправлена параметризация кривой.
#4 851 Предупреждение: Исправлена параметризация кривой.
#14 403 Предупреждение: Исправлена параметризация кривой.
#180 030 Предупреждение: Исправлена параметризация кривой.
#256 795 Предупреждение: Исправлена параметризация кривой.
#205 453 Предупреждение: Исправлена параметризация кривой.
#112 261 Предупреждение: Исправлена параметризация кривой.
#167 003 Предупреждение: Исправлена параметризация кривой.
#15 969 Предупреждение: Исправлена параметризация кривой.
#255 143 Предупреждение: Исправлена параметризация кривой.
#86 146 Предупреждение: Исправлена параметризация кривой.
#83 627 Предупреждение: Исправлена параметризация кривой.
#85 626 Предупреждение: Исправлена параметризация кривой.
#168 677 Предупреждение: Исправлена параметризация кривой.
#233 785 Предупреждение: Исправлена параметризация кривой.
#120 536 Предупреждение: Исправлена параметризация кривой.
#320 Предупреждение: Исправлена параметризация кривой.
#178 710 Предупреждение: Исправлена параметризация кривой.
#234 563 Предупреждение: Исправлена параметризация кривой.
#93 724 Предупреждение: Исправлена параметризация кривой.
#180 746 Предупреждение: Исправлена параметризация кривой.
#150 647 Предупреждение: Исправлена параметризация кривой.
#195 714 Предупреждение: Исправлена параметризация кривой.
#17 486 Предупреждение: Исправлена параметризация кривой.
#117 896 Предупреждение: Исправлена параметризация кривой.
#155 470 Предупреждение: Исправлена параметризация кривой.
#131 248 Предупреждение: Исправлена параметризация кривой.
#60 162 Предупреждение: Исправлена параметризация кривой.
#49 137 Предупреждение: Исправлена параметризация кривой.
#248 945 Предупреждение: Исправлена параметризация кривой.
#21 305 Предупреждение: Исправлена параметризация кривой.
#262 449 Предупреждение: Исправлена параметризация кривой.
#59 471 Предупреждение: Исправлена параметризация кривой.
#174 691 Предупреждение: Исправлена параметризация кривой.
#876 Предупреждение: Исправлена параметризация кривой.
#219 816 Предупреждение: Исправлена параметризация кривой.
#218 840 Предупреждение: Исправлена параметризация кривой.
#37 670 Предупреждение: Исправлена параметризация кривой.
#117 541 Предупреждение: Исправлена параметризация кривой.
#181 699 Предупреждение: Исправлена параметризация кривой.
#258 175 Предупреждение: Исправлена параметризация кривой.
#40 272 Предупреждение: Исправлена параметризация кривой.
#146 743 Предупреждение: Исправлена параметризация кривой.
#219 338 Предупреждение: Исправлена параметризация кривой.
#258 273 Предупреждение: Исправлена параметризация кривой.
#25 173 Предупреждение: Исправлена параметризация кривой.
#84 783 Предупреждение: Исправлена параметризация кривой.
#154 748 Предупреждение: Исправлена параметризация кривой.
#133 412 Предупреждение: Исправлена параметризация кривой.
#224 215 Предупреждение: Исправлена параметризация кривой.
#86 585 Предупреждение: Исправлена параметризация кривой.
#36 025 Предупреждение: Исправлена параметризация кривой.
#227 610 Предупреждение: Исправлена параметризация кривой.
#102 344 Предупреждение: Исправлена параметризация кривой.
#158 572 Предупреждение: Исправлена параметризация кривой.
#168 489 Предупреждение: Исправлена параметризация кривой.
#117 856 Предупреждение: Исправлена параметризация кривой.
#156 032 Предупреждение: Исправлена параметризация кривой.
#105 167 Предупреждение: Исправлена параметризация кривой.
#69 418 Предупреждение: Исправлена параметризация кривой.
#59 503 Предупреждение: Исправлена параметризация кривой.
#239 702 Предупреждение: Исправлена параметризация кривой.
#106 066 Предупреждение: Исправлена параметризация кривой.
#188 816 Предупреждение: Исправлена параметризация кривой.
#36 945 Предупреждение: Исправлена параметризация кривой.
#253 897 Предупреждение: Исправлена параметризация кривой.
#155 115 Предупреждение: Исправлена параметризация кривой.
#131 952 Предупреждение: Исправлена параметризация кривой.
#3 494 Предупреждение: Исправлена параметризация кривой.
#161 745 Предупреждение: Исправлена параметризация кривой.
#116 812 Предупреждение: Исправлена параметризация кривой.
#84 460 Предупреждение: Исправлена параметризация кривой.
#119 428 Предупреждение: Исправлена параметризация кривой.
#185 711 Предупреждение: Исправлена параметризация кривой.
#231 500 Предупреждение: Исправлена параметризация кривой.
#104 061 Предупреждение: Исправлена параметризация кривой.
#97 279 Предупреждение: Исправлена параметризация кривой.
#246 705 Предупреждение: Исправлена параметризация кривой.
#38 121 Предупреждение: Исправлена параметризация кривой.
#100 999 Предупреждение: Исправлена параметризация кривой.
#176 906 Предупреждение: Исправлена параметризация кривой.
#139 224 Предупреждение: Исправлена параметризация кривой.
#170 273 Предупреждение: Исправлена параметризация кривой.
#249 482 Предупреждение: Исправлена параметризация кривой.
#142 917 Предупреждение: Исправлена параметризация кривой.
#257 926 Предупреждение: Исправлена параметризация кривой.
#27 644 Предупреждение: Исправлена параметризация кривой.
#252 100 Предупреждение: Исправлена параметризация кривой.
#248 725 Предупреждение: Исправлена параметризация кривой.
#248 613 Предупреждение: Исправлена параметризация кривой.
#100 511 Предупреждение: Исправлена параметризация кривой.
#273 383 Предупреждение: Исправлена параметризация кривой.
#71 853 Предупреждение: Исправлена параметризация кривой.
#265 797 Предупреждение: Исправлена параметризация кривой.
#194 774 Предупреждение: Исправлена параметризация кривой.
#211 817 Предупреждение: Исправлена параметризация кривой.
#26 896 Предупреждение: Исправлена параметризация кривой.
#96 128 Предупреждение: Исправлена параметризация кривой.
#178 401 Предупреждение: Исправлена параметризация кривой.
#72 932 Предупреждение: Исправлена параметризация кривой.
#100 148 Предупреждение: Исправлена параметризация кривой.
#272 255 Предупреждение: Исправлена параметризация кривой.
#268 749 Предупреждение: Исправлена параметризация кривой.
#252 355 Предупреждение: Исправлена параметризация кривой.
#107 136 Предупреждение: Исправлена параметризация кривой.
#191 833 Предупреждение: Исправлена параметризация кривой.
#98 132 Предупреждение: Исправлена параметризация кривой.
#114 093 Предупреждение: Исправлена параметризация кривой.
#263 288 Предупреждение: Исправлена параметризация кривой.
#30 393 Предупреждение: Исправлена параметризация кривой.
#221 836 Предупреждение: Исправлена параметризация кривой.
#650 Предупреждение: Исправлена параметризация кривой.
#248 994 Предупреждение: Исправлена параметризация кривой.
#153 669 Предупреждение: Исправлена параметризация кривой.
#124 212 Предупреждение: Исправлена параметризация кривой.
#227 807 Предупреждение: Исправлена параметризация кривой.
#247 043 Предупреждение: Исправлена параметризация кривой.
#107 187 Предупреждение: Исправлена параметризация кривой.
#14 555 Предупреждение: Исправлена параметризация кривой.
#256 592 Предупреждение: Исправлена параметризация кривой.
#237 122 Предупреждение: Исправлена параметризация кривой.
#160 455 Предупреждение: Исправлена параметризация кривой.
#168 803 Предупреждение: Исправлена параметризация кривой.
#271 756 Предупреждение: Исправлена параметризация кривой.
#237 480 Предупреждение: Исправлена параметризация кривой.
#273 059 Предупреждение: Исправлена параметризация кривой.
#265 137 Предупреждение: Исправлена параметризация кривой.
#82 168 Предупреждение: Исправлена параметризация кривой.
#190 570 Предупреждение: Исправлена параметризация кривой.
#123 866 Предупреждение: Исправлена параметризация кривой.
#142 880 Предупреждение: Исправлена параметризация кривой.
#120 560 Предупреждение: Исправлена параметризация кривой.
#273 216 Предупреждение: Исправлена параметризация кривой.
#206 404 Предупреждение: Исправлена параметризация кривой.
#80 546 Предупреждение: Исправлена параметризация кривой.
#169 951 Предупреждение: Исправлена параметризация кривой.
#268 224 Предупреждение: Исправлена параметризация кривой.
#87 921 Предупреждение: Исправлена параметризация кривой.
#218 817 Предупреждение: Исправлена параметризация кривой.
#129 073 Предупреждение: Исправлена параметризация кривой.
#112 473 Предупреждение: Исправлена параметризация кривой.
#46 365 Предупреждение: Исправлена параметризация кривой.
#142 579 Предупреждение: Исправлена параметризация кривой.
#680 Предупреждение: Исправлена параметризация кривой.
#242 611 Предупреждение: Исправлена параметризация кривой.
#213 332 Предупреждение: Исправлена параметризация кривой.
#127 480 Предупреждение: Исправлена параметризация кривой.
#62 889 Предупреждение: Исправлена параметризация кривой.
#116 487 Предупреждение: Исправлена параметризация кривой.
#196 224 Предупреждение: Исправлена параметризация кривой.
#142 493 Предупреждение: Исправлена параметризация кривой.
#81 157 Предупреждение: Исправлена параметризация кривой.
#104 228 Предупреждение: Исправлена параметризация кривой.
#160 620 Предупреждение: Исправлена параметризация кривой.
#163 134 Предупреждение: Исправлена параметризация кривой.
#21 654 Предупреждение: Исправлена параметризация кривой.
#87 587 Предупреждение: Исправлена параметризация кривой.
#73 621 Предупреждение: Исправлена параметризация кривой.
#199 448 Предупреждение: Исправлена параметризация кривой.
#29 101 Предупреждение: Исправлена параметризация кривой.
#195 306 Предупреждение: Исправлена параметризация кривой.
#213 440 Предупреждение: Исправлена параметризация кривой.
#177 636 Предупреждение: Исправлена параметризация кривой.
#206 916 Предупреждение: Исправлена параметризация кривой.
#96 947 Предупреждение: Исправлена параметризация кривой.
#205 410 Предупреждение: Исправлена параметризация кривой.
#214 462 Предупреждение: Исправлена параметризация кривой.
#21 849 Предупреждение: Исправлена параметризация кривой.
#20 983 Предупреждение: Исправлена параметризация кривой.
#194 001 Предупреждение: Исправлена параметризация кривой.
#46 143 Предупреждение: Исправлена параметризация кривой.
#269 491 Предупреждение: Исправлена параметризация кривой.
#117 674 Предупреждение: Исправлена параметризация кривой.
#75 525 Предупреждение: Исправлена параметризация кривой.
#111 917 Предупреждение: Исправлена параметризация кривой.
#192 370 Предупреждение: Исправлена параметризация кривой.
#244 137 Предупреждение: Исправлена параметризация кривой.
#125 901 Предупреждение: Исправлена параметризация кривой.
#207 149 Предупреждение: Исправлена параметризация кривой.
#158 163 Предупреждение: Исправлена параметризация кривой.
#266 662 Предупреждение: Исправлена параметризация кривой.
#169 591 Предупреждение: Исправлена параметризация кривой.
#4 735 Предупреждение: Исправлена параметризация кривой.
#206 089 Предупреждение: Исправлена параметризация кривой.
#47 808 Предупреждение: Исправлена параметризация кривой.
#173 887 Предупреждение: Исправлена параметризация кривой.
#90 754 Предупреждение: Исправлена параметризация кривой.
#101 999 Предупреждение: Исправлена параметризация кривой.
#44 853 Предупреждение: Исправлена параметризация кривой.
#116 115 Предупреждение: Исправлена параметризация кривой.
#106 316 Предупреждение: Исправлена параметризация кривой.
#34 897 Предупреждение: Исправлена параметризация кривой.
#232 887 Предупреждение: Исправлена параметризация кривой.
#32 649 Предупреждение: Исправлена параметризация кривой.
#64 645 Предупреждение: Исправлена параметризация кривой.
#49 479 Предупреждение: Исправлена параметризация кривой.
#110 998 Предупреждение: Исправлена параметризация кривой.
#84 238 Предупреждение: Исправлена параметризация кривой.
#150 331 Предупреждение: Исправлена параметризация кривой.
#73 257 Предупреждение: Исправлена параметризация кривой.
#146 538 Предупреждение: Исправлена параметризация кривой.
#72 672 Предупреждение: Исправлена параметризация кривой.
#243 035 Предупреждение: Исправлена параметризация кривой.
#143 033 Предупреждение: Исправлена параметризация кривой.
#61 992 Предупреждение: Исправлена параметризация кривой.
#30 860 Предупреждение: Исправлена параметризация кривой.
#137 099 Предупреждение: Исправлена параметризация кривой.
#76 114 Предупреждение: Исправлена параметризация кривой.
#17 250 Предупреждение: Исправлена параметризация кривой.
#65 435 Предупреждение: Исправлена параметризация кривой.
#86 563 Предупреждение: Исправлена параметризация кривой.
#257 452 Предупреждение: Исправлена параметризация кривой.
#221 329 Предупреждение: Исправлена параметризация кривой.
#34 807 Предупреждение: Исправлена параметризация кривой.
#58 948 Предупреждение: Исправлена параметризация кривой.
#22 743 Предупреждение: Исправлена параметризация кривой.
#33 243 Предупреждение: Исправлена параметризация кривой.
#32 736 Предупреждение: Исправлена параметризация кривой.
#40 040 Предупреждение: Исправлена параметризация кривой.
#28 862 Предупреждение: Исправлена параметризация кривой.
#129 792 Предупреждение: Исправлена параметризация кривой.
#51 689 Предупреждение: Исправлена параметризация кривой.
#220 386 Предупреждение: Исправлена параметризация кривой.
#176 662 Предупреждение: Исправлена параметризация кривой.
#210 966 Предупреждение: Исправлена параметризация кривой.
#131 396 Предупреждение: Исправлена параметризация кривой.
#46 503 Предупреждение: Исправлена параметризация кривой.
#14 664 Предупреждение: Исправлена параметризация кривой.
#30 384 Предупреждение: Исправлена параметризация кривой.
#27 121 Предупреждение: Исправлена параметризация кривой.
#79 055 Предупреждение: Исправлена параметризация кривой.
#63 116 Предупреждение: Исправлена параметризация кривой.
#143 128 Предупреждение: Исправлена параметризация кривой.
#121 227 Предупреждение: Исправлена параметризация кривой.
#202 258 Предупреждение: Исправлена параметризация кривой.
#105 633 Предупреждение: Исправлена параметризация кривой.
#95 716 Предупреждение: Исправлена параметризация кривой.
#191 900 Предупреждение: Исправлена параметризация кривой.
#137 533 Предупреждение: Исправлена параметризация кривой.
#217 349 Предупреждение: Исправлена параметризация кривой.
#174 784 Предупреждение: Исправлена параметризация кривой.
#61 957 Предупреждение: Исправлена параметризация кривой.
#173 237 Предупреждение: Исправлена параметризация кривой.
#257 595 Предупреждение: Исправлена параметризация кривой.
#239 434 Предупреждение: Исправлена параметризация кривой.
#55 752 Предупреждение: Исправлена параметризация кривой.
#85 400 Предупреждение: Исправлена параметризация кривой.
#167 553 Предупреждение: Исправлена параметризация кривой.
#239 756 Предупреждение: Исправлена параметризация кривой.
#186 691 Предупреждение: Исправлена параметризация кривой.
#137 408 Предупреждение: Исправлена параметризация кривой.
#17 183 Предупреждение: Исправлена параметризация кривой.
#110 960 Предупреждение: Исправлена параметризация кривой.
#230 882 Предупреждение: Исправлена параметризация кривой.
#93 590 Предупреждение: Исправлена параметризация кривой.
#204 070 Предупреждение: Исправлена параметризация кривой.
#181 120 Предупреждение: Исправлена параметризация кривой.
#129 964 Предупреждение: Исправлена параметризация кривой.
#86 126 Предупреждение: Исправлена параметризация кривой.
#26 263 Предупреждение: Исправлена параметризация кривой.
#141 678 Предупреждение: Исправлена параметризация кривой.
#124 419 Предупреждение: Исправлена параметризация кривой.
#160 723 Предупреждение: Исправлена параметризация кривой.
#171 976 Предупреждение: Исправлена параметризация кривой.
#224 187 Предупреждение: Исправлена параметризация кривой.
#107 164 Предупреждение: Исправлена параметризация кривой.
#139 857 Предупреждение: Исправлена параметризация кривой.
#15 658 Предупреждение: Исправлена параметризация кривой.
#246 268 Предупреждение: Исправлена параметризация кривой.
#17 407 Предупреждение: Исправлена параметризация кривой.
#52 033 Предупреждение: Исправлена параметризация кривой.
#136 346 Предупреждение: Исправлена параметризация кривой.
#171 185 Предупреждение: Исправлена параметризация кривой.
#54 309 Предупреждение: Исправлена параметризация кривой.
#66 857 Предупреждение: Исправлена параметризация кривой.
#142 351 Предупреждение: Исправлена параметризация кривой.
#70 719 Предупреждение: Исправлена параметризация кривой.
#10 715 Предупреждение: Исправлена параметризация кривой.
#173 927 Предупреждение: Исправлена параметризация кривой.
#38 697 Предупреждение: Исправлена параметризация кривой.
#270 054 Предупреждение: Исправлена параметризация кривой.
#176 350 Предупреждение: Исправлена параметризация кривой.
#13 023 Предупреждение: Исправлена параметризация кривой.
#122 680 Предупреждение: Исправлена параметризация кривой.
#131 947 Предупреждение: Исправлена параметризация кривой.
#160 133 Предупреждение: Исправлена параметризация кривой.
#54 942 Предупреждение: Исправлена параметризация кривой.
#57 119 Предупреждение: Исправлена параметризация кривой.
#174 965 Предупреждение: Исправлена параметризация кривой.
#232 245 Предупреждение: Исправлена параметризация кривой.
#125 183 Предупреждение: Исправлена параметризация кривой.
#81 360 Предупреждение: Исправлена параметризация кривой.
#42 852 Предупреждение: Исправлена параметризация кривой.
#239 375 Предупреждение: Исправлена параметризация кривой.
#137 985 Предупреждение: Исправлена параметризация кривой.
#119 253 Предупреждение: Исправлена параметризация кривой.
#232 811 Предупреждение: Исправлена параметризация кривой.
#187 658 Предупреждение: Исправлена параметризация кривой.
#215 003 Предупреждение: Исправлена параметризация кривой.
#47 270 Предупреждение: Исправлена параметризация кривой.
#228 227 Предупреждение: Исправлена параметризация кривой.
#77 371 Предупреждение: Исправлена параметризация кривой.
#122 427 Предупреждение: Исправлена параметризация кривой.
#2 534 Предупреждение: Исправлена параметризация кривой.
#120 770 Предупреждение: Исправлена параметризация кривой.
#181 946 Предупреждение: Исправлена параметризация кривой.
#8 726 Предупреждение: Исправлена параметризация кривой.
#237 921 Предупреждение: Исправлена параметризация кривой.
#185 133 Предупреждение: Исправлена параметризация кривой.
#15 039 Предупреждение: Исправлена параметризация кривой.
#157 834 Предупреждение: Исправлена параметризация кривой.
#140 926 Предупреждение: Исправлена параметризация кривой.
#43 164 Предупреждение: Исправлена параметризация кривой.
#152 209 Предупреждение: Исправлена параметризация кривой.
#80 953 Предупреждение: Исправлена параметризация кривой.
#261 304 Предупреждение: Исправлена параметризация кривой.
#59 360 Предупреждение: Исправлена параметризация кривой.
#213 449 Предупреждение: Исправлена параметризация кривой.
#37 528 Предупреждение: Исправлена параметризация кривой.
#126 329 Предупреждение: Исправлена параметризация кривой.
#79 287 Предупреждение: Исправлена параметризация кривой.
#132 634 Предупреждение: Исправлена параметризация кривой.
#19 047 Предупреждение: Исправлена параметризация кривой.
#82 729 Предупреждение: Исправлена параметризация кривой.
#189 588 Предупреждение: Исправлена параметризация кривой.
#144 610 Предупреждение: Исправлена параметризация кривой.
#19 371 Предупреждение: Исправлена параметризация кривой.
#141 607 Предупреждение: Исправлена параметризация кривой.
#89 116 Предупреждение: Исправлена параметризация кривой.
#205 845 Предупреждение: Исправлена параметризация кривой.
#173 452 Предупреждение: Исправлена параметризация кривой.
#125 099 Предупреждение: Исправлена параметризация кривой.
#21 097 Предупреждение: Исправлена параметризация кривой.
#117 077 Предупреждение: Исправлена параметризация кривой.
#268 951 Предупреждение: Исправлена параметризация кривой.
#213 565 Предупреждение: Исправлена параметризация кривой.
#114 759 Предупреждение: Исправлена параметризация кривой.
#229 463 Предупреждение: Исправлена параметризация кривой.
#260 254 Предупреждение: Исправлена параметризация кривой.
#143 225 Предупреждение: Исправлена параметризация кривой.
#6 235 Предупреждение: Исправлена параметризация кривой.
#135 768 Предупреждение: Исправлена параметризация кривой.
#250 160 Предупреждение: Исправлена параметризация кривой.
#209 656 Предупреждение: Исправлена параметризация кривой.
#27 476 Предупреждение: Исправлена параметризация кривой.
#108 489 Предупреждение: Исправлена параметризация кривой.
#63 488 Предупреждение: Исправлена параметризация кривой.
#272 884 Предупреждение: Исправлена параметризация кривой.
#220 565 Предупреждение: Исправлена параметризация кривой.
#184 803 Предупреждение: Исправлена параметризация кривой.
#269 517 Предупреждение: Исправлена параметризация кривой.
#187 994 Предупреждение: Исправлена параметризация кривой.
#209 561 Предупреждение: Исправлена параметризация кривой.
#255 703 Предупреждение: Исправлена параметризация кривой.
#110 043 Предупреждение: Исправлена параметризация кривой.
#99 155 Предупреждение: Исправлена параметризация кривой.
#84 050 Предупреждение: Исправлена параметризация кривой.
#199 520 Предупреждение: Исправлена параметризация кривой.
#36 126 Предупреждение: Исправлена параметризация кривой.
#218 594 Предупреждение: Исправлена параметризация кривой.
#77 726 Предупреждение: Исправлена параметризация кривой.
#74 513 Предупреждение: Исправлена параметризация кривой.
#119 606 Предупреждение: Исправлена параметризация кривой.
#109 789 Предупреждение: Исправлена параметризация кривой.
#245 627 Предупреждение: Исправлена параметризация кривой.
#249 850 Предупреждение: Исправлена параметризация кривой.
#89 559 Предупреждение: Исправлена параметризация кривой.
#272 798 Предупреждение: Исправлена параметризация кривой.
#151 152 Предупреждение: Исправлена параметризация кривой.
#227 016 Предупреждение: Исправлена параметризация кривой.
#86 679 Предупреждение: Исправлена параметризация кривой.
#36 633 Предупреждение: Исправлена параметризация кривой.
#110 128 Предупреждение: Исправлена параметризация кривой.
#258 589 Предупреждение: Исправлена параметризация кривой.
#209 971 Предупреждение: Исправлена параметризация кривой.
#187 447 Предупреждение: Исправлена параметризация кривой.
#63 371 Предупреждение: Исправлена параметризация кривой.
#162 174 Предупреждение: Исправлена параметризация кривой.
#39 706 Предупреждение: Исправлена параметризация кривой.
#5 273 Предупреждение: Исправлена параметризация кривой.
#212 711 Предупреждение: Исправлена параметризация кривой.
#170 129 Предупреждение: Исправлена параметризация кривой.
#144 458 Предупреждение: Исправлена параметризация кривой.
#157 947 Предупреждение: Исправлена параметризация кривой.
#226 284 Предупреждение: Исправлена параметризация кривой.
#73 043 Предупреждение: Исправлена параметризация кривой.
#24 282 Предупреждение: Исправлена параметризация кривой.
#156 050 Предупреждение: Исправлена параметризация кривой.
#162 094 Предупреждение: Исправлена параметризация кривой.
#259 918 Предупреждение: Исправлена параметризация кривой.
#181 896 Предупреждение: Исправлена параметризация кривой.
#206 662 Предупреждение: Исправлена параметризация кривой.
#217 446 Предупреждение: Исправлена параметризация кривой.
#229 687 Предупреждение: Исправлена параметризация кривой.
#175 711 Предупреждение: Исправлена параметризация кривой.
#138 317 Предупреждение: Исправлена параметризация кривой.
#252 003 Предупреждение: Исправлена параметризация кривой.
#14 176 Предупреждение: Исправлена параметризация кривой.
#23 428 Предупреждение: Исправлена параметризация кривой.
#227 212 Предупреждение: Исправлена параметризация кривой.
#165 578 Предупреждение: Исправлена параметризация кривой.
#222 614 Предупреждение: Исправлена параметризация кривой.
#48 180 Предупреждение: Исправлена параметризация кривой.
#44 341 Предупреждение: Исправлена параметризация кривой.
#265 015 Предупреждение: Исправлена параметризация кривой.
#89 229 Предупреждение: Исправлена параметризация кривой.
#10 784 Предупреждение: Исправлена параметризация кривой.
#144 566 Предупреждение: Исправлена параметризация кривой.
#64 213 Предупреждение: Исправлена параметризация кривой.
#93 484 Предупреждение: Исправлена параметризация кривой.
#196 867 Предупреждение: Исправлена параметризация кривой.
#168 228 Предупреждение: Исправлена параметризация кривой.
#39 809 Предупреждение: Исправлена параметризация кривой.
#200 103 Предупреждение: Исправлена параметризация кривой.
#134 819 Предупреждение: Исправлена параметризация кривой.
#35 625 Предупреждение: Исправлена параметризация кривой.
#19 641 Предупреждение: Исправлена параметризация кривой.
#267 718 Предупреждение: Исправлена параметризация кривой.
#115 961 Предупреждение: Исправлена параметризация кривой.
#44 222 Предупреждение: Исправлена параметризация кривой.
#122 333 Предупреждение: Исправлена параметризация кривой.
#148 049 Предупреждение: Исправлена параметризация кривой.
#132 985 Предупреждение: Исправлена параметризация кривой.
#12 434 Предупреждение: Исправлена параметризация кривой.
#150 967 Предупреждение: Исправлена параметризация кривой.
#55 169 Предупреждение: Исправлена параметризация кривой.
#201 037 Предупреждение: Исправлена параметризация кривой.
#10 037 Предупреждение: Исправлена параметризация кривой.
#49 833 Предупреждение: Исправлена параметризация кривой.
#1 323 Предупреждение: Исправлена параметризация кривой.
#50 697 Предупреждение: Исправлена параметризация кривой.
#157 670 Предупреждение: Исправлена параметризация кривой.
#100 312 Предупреждение: Исправлена параметризация кривой.
#35 317 Предупреждение: Исправлена параметризация кривой.
#126 675 Предупреждение: Исправлена параметризация кривой.
#38 471 Предупреждение: Исправлена параметризация кривой.
#172 544 Предупреждение: Исправлена параметризация кривой.
#220 731 Предупреждение: Исправлена параметризация кривой.
#51 809 Предупреждение: Исправлена параметризация кривой.
#44 563 Предупреждение: Исправлена параметризация кривой.
#128 225 Предупреждение: Исправлена параметризация кривой.
#189 552 Предупреждение: Исправлена параметризация кривой.
#179 051 Предупреждение: Исправлена параметризация кривой.
#26 890 Предупреждение: Исправлена параметризация кривой.
#142 734 Предупреждение: Исправлена параметризация кривой.
#211 725 Предупреждение: Исправлена параметризация кривой.
#26 559 Предупреждение: Исправлена параметризация кривой.
#131 545 Предупреждение: Исправлена параметризация кривой.
#192 322 Предупреждение: Исправлена параметризация кривой.
#121 535 Предупреждение: Исправлена параметризация кривой.
#173 547 Предупреждение: Исправлена параметризация кривой.
#1 095 Предупреждение: Исправлена параметризация кривой.
#106 186 Предупреждение: Исправлена параметризация кривой.
#190 240 Предупреждение: Исправлена параметризация кривой.
#251 231 Предупреждение: Исправлена параметризация кривой.
#9 340 Предупреждение: Исправлена параметризация кривой.
#153 341 Предупреждение: Исправлена параметризация кривой.
#119 055 Предупреждение: Исправлена параметризация кривой.
#40 815 Предупреждение: Исправлена параметризация кривой.
#189 812 Предупреждение: Исправлена параметризация кривой.
#200 090 Предупреждение: Исправлена параметризация кривой.
#120 860 Предупреждение: Исправлена параметризация кривой.
#50 251 Предупреждение: Исправлена параметризация кривой.
#28 537 Предупреждение: Исправлена параметризация кривой.
#5 838 Предупреждение: Исправлена параметризация кривой.
#161 291 Предупреждение: Исправлена параметризация кривой.
#240 997 Предупреждение: Исправлена параметризация кривой.
#80 404 Предупреждение: Исправлена параметризация кривой.
#223 269 Предупреждение: Исправлена параметризация кривой.
#97 713 Предупреждение: Исправлена параметризация кривой.
#14 369 Предупреждение: Исправлена параметризация кривой.
#241 490 Предупреждение: Исправлена параметризация кривой.
#11 059 Предупреждение: Исправлена параметризация кривой.
#45 695 Предупреждение: Исправлена параметризация кривой.
#115 660 Предупреждение: Исправлена параметризация кривой.
#163 943 Предупреждение: Исправлена параметризация кривой.
#212 435 Предупреждение: Исправлена параметризация кривой.
#103 956 Предупреждение: Исправлена параметризация кривой.
#23 165 Предупреждение: Исправлена параметризация кривой.
#36 975 Предупреждение: Исправлена параметризация кривой.
#161 045 Предупреждение: Исправлена параметризация кривой.
#106 621 Предупреждение: Исправлена параметризация кривой.
#223 713 Предупреждение: Исправлена параметризация кривой.
#191 972 Предупреждение: Исправлена параметризация кривой.
#156 019 Предупреждение: Исправлена параметризация кривой.
#201 080 Предупреждение: Исправлена параметризация кривой.
#256 067 Предупреждение: Исправлена параметризация кривой.
#80 077 Предупреждение: Исправлена параметризация кривой.
#76 973 Предупреждение: Исправлена параметризация кривой.
#26 157 Предупреждение: Исправлена параметризация кривой.
#57 055 Предупреждение: Исправлена параметризация кривой.
#57 197 Предупреждение: Исправлена параметризация кривой.
#106 087 Предупреждение: Исправлена параметризация кривой.
#79 296 Предупреждение: Исправлена параметризация кривой.
#163 564 Предупреждение: Исправлена параметризация кривой.
#108 824 Предупреждение: Исправлена параметризация кривой.
#61 111 Предупреждение: Исправлена параметризация кривой.
#267 657 Предупреждение: Исправлена параметризация кривой.
#19 750 Предупреждение: Исправлена параметризация кривой.
#10 126 Предупреждение: Исправлена параметризация кривой.
#156 042 Предупреждение: Исправлена параметризация кривой.
#110 040 Предупреждение: Исправлена параметризация кривой.
#247 676 Предупреждение: Исправлена параметризация кривой.
#222 976 Предупреждение: Исправлена параметризация кривой.
#207 222 Предупреждение: Исправлена параметризация кривой.
#7 668 Предупреждение: Исправлена параметризация кривой.
#210 121 Предупреждение: Исправлена параметризация кривой.
#22 283 Предупреждение: Исправлена параметризация кривой.
#46 491 Предупреждение: Исправлена параметризация кривой.
#205 657 Предупреждение: Исправлена параметризация кривой.
#270 852 Предупреждение: Исправлена параметризация кривой.
#251 025 Предупреждение: Исправлена параметризация кривой.
#152 205 Предупреждение: Исправлена параметризация кривой.
#206 294 Предупреждение: Исправлена параметризация кривой.
#78 059 Предупреждение: Исправлена параметризация кривой.
#194 446 Предупреждение: Исправлена параметризация кривой.
#117 015 Предупреждение: Исправлена параметризация кривой.
#231 265 Предупреждение: Исправлена параметризация кривой.
#141 833 Предупреждение: Исправлена параметризация кривой.
#225 085 Предупреждение: Исправлена параметризация кривой.
#61 486 Предупреждение: Исправлена параметризация кривой.
#71 910 Предупреждение: Исправлена параметризация кривой.
#197 249 Предупреждение: Исправлена параметризация кривой.
#50 118 Предупреждение: Исправлена параметризация кривой.
#204 192 Предупреждение: Исправлена параметризация кривой.
#26 453 Предупреждение: Исправлена параметризация кривой.
#11 912 Предупреждение: Исправлена параметризация кривой.
#176 692 Предупреждение: Исправлена параметризация кривой.
#69 748 Предупреждение: Исправлена параметризация кривой.
#152 304 Предупреждение: Исправлена параметризация кривой.
#249 481 Предупреждение: Исправлена параметризация кривой.
#89 906 Предупреждение: Исправлена параметризация кривой.
#226 783 Предупреждение: Исправлена параметризация кривой.
#269 526 Предупреждение: Исправлена параметризация кривой.
#126 964 Предупреждение: Исправлена параметризация кривой.
#166 578 Предупреждение: Исправлена параметризация кривой.
#63 456 Предупреждение: Исправлена параметризация кривой.
#223 977 Предупреждение: Исправлена параметризация кривой.
#62 572 Предупреждение: Исправлена параметризация кривой.
#39 712 Предупреждение: Исправлена параметризация кривой.
#142 810 Предупреждение: Исправлена параметризация кривой.
#198 703 Предупреждение: Исправлена параметризация кривой.
#36 064 Предупреждение: Исправлена параметризация кривой.
#159 867 Предупреждение: Исправлена параметризация кривой.
#256 335 Предупреждение: Исправлена параметризация кривой.
#131 358 Предупреждение: Исправлена параметризация кривой.
#194 887 Предупреждение: Исправлена параметризация кривой.
#161 409 Предупреждение: Исправлена параметризация кривой.
#237 318 Предупреждение: Исправлена параметризация кривой.
#242 971 Предупреждение: Исправлена параметризация кривой.
#69 507 Предупреждение: Исправлена параметризация кривой.
#189 821 Предупреждение: Исправлена параметризация кривой.
#26 988 Предупреждение: Исправлена параметризация кривой.
#70 365 Предупреждение: Исправлена параметризация кривой.
#36 762 Предупреждение: Исправлена параметризация кривой.
#73 500 Предупреждение: Исправлена параметризация кривой.
#81 115 Предупреждение: Исправлена параметризация кривой.
#82 271 Предупреждение: Исправлена параметризация кривой.
#168 678 Предупреждение: Исправлена параметризация кривой.
#192 138 Предупреждение: Исправлена параметризация кривой.
#77 851 Предупреждение: Исправлена параметризация кривой.
#206 822 Предупреждение: Исправлена параметризация кривой.
#260 274 Предупреждение: Исправлена параметризация кривой.
#243 275 Предупреждение: Исправлена параметризация кривой.
#62 320 Предупреждение: Исправлена параметризация кривой.
#10 696 Предупреждение: Исправлена параметризация кривой.
#224 028 Предупреждение: Исправлена параметризация кривой.
#62 452 Предупреждение: Исправлена параметризация кривой.
#162 769 Предупреждение: Исправлена параметризация кривой.
#4 306 Предупреждение: Исправлена параметризация кривой.
#113 863 Предупреждение: Исправлена параметризация кривой.
#150 978 Предупреждение: Исправлена параметризация кривой.
#205 079 Предупреждение: Исправлена параметризация кривой.
#96 079 Предупреждение: Исправлена параметризация кривой.
#95 147 Предупреждение: Исправлена параметризация кривой.
#219 019 Предупреждение: Исправлена параметризация кривой.
#3 739 Предупреждение: Исправлена параметризация кривой.
#110 389 Предупреждение: Исправлена параметризация кривой.
#261 055 Предупреждение: Исправлена параметризация кривой.
#255 666 Предупреждение: Исправлена параметризация кривой.
#254 075 Предупреждение: Исправлена параметризация кривой.
#235 554 Предупреждение: Исправлена параметризация кривой.
#80 719 Предупреждение: Исправлена параметризация кривой.
#139 207 Предупреждение: Исправлена параметризация кривой.
#190 341 Предупреждение: Исправлена параметризация кривой.
#273 551 Предупреждение: Исправлена параметризация кривой.
#170 855 Предупреждение: Исправлена параметризация кривой.
#172 359 Предупреждение: Исправлена параметризация кривой.
#261 932 Предупреждение: Исправлена параметризация кривой.
#12 331 Предупреждение: Исправлена параметризация кривой.
#237 462 Предупреждение: Исправлена параметризация кривой.
#255 918 Предупреждение: Исправлена параметризация кривой.
#146 007 Предупреждение: Исправлена параметризация кривой.
#82 044 Предупреждение: Исправлена параметризация кривой.
#75 628 Предупреждение: Исправлена параметризация кривой.
#108 566 Предупреждение: Исправлена параметризация кривой.
#159 596 Предупреждение: Исправлена параметризация кривой.
#191 499 Предупреждение: Исправлена параметризация кривой.
#236 324 Предупреждение: Исправлена параметризация кривой.
#176 035 Предупреждение: Исправлена параметризация кривой.
#23 524 Предупреждение: Исправлена параметризация кривой.
#24 361 Предупреждение: Исправлена параметризация кривой.
#257 012 Предупреждение: Исправлена параметризация кривой.
#133 852 Предупреждение: Исправлена параметризация кривой.
#195 185 Предупреждение: Исправлена параметризация кривой.
#106 037 Предупреждение: Исправлена параметризация кривой.
#184 827 Предупреждение: Исправлена параметризация кривой.
#96 516 Предупреждение: Исправлена параметризация кривой.
#29 723 Предупреждение: Исправлена параметризация кривой.
#198 752 Предупреждение: Исправлена параметризация кривой.
#8 753 Предупреждение: Исправлена параметризация кривой.
#103 235 Предупреждение: Исправлена параметризация кривой.
#261 723 Предупреждение: Исправлена параметризация кривой.
#69 402 Предупреждение: Исправлена параметризация кривой.
#143 262 Предупреждение: Исправлена параметризация кривой.
#240 083 Предупреждение: Исправлена параметризация кривой.
#58 292 Предупреждение: Исправлена параметризация кривой.
#190 452 Предупреждение: Исправлена параметризация кривой.
#67 903 Предупреждение: Исправлена параметризация кривой.
#166 693 Предупреждение: Исправлена параметризация кривой.
#254 409 Предупреждение: Исправлена параметризация кривой.
#53 910 Предупреждение: Исправлена параметризация кривой.
#254 161 Предупреждение: Исправлена параметризация кривой.
#118 569 Предупреждение: Исправлена параметризация кривой.
#216 144 Предупреждение: Исправлена параметризация кривой.
#38 053 Предупреждение: Исправлена параметризация кривой.
#6 590 Предупреждение: Исправлена параметризация кривой.
#59 161 Предупреждение: Исправлена параметризация кривой.
#266 013 Предупреждение: Исправлена параметризация кривой.
#8 211 Предупреждение: Исправлена параметризация кривой.
#144 890 Предупреждение: Исправлена параметризация кривой.
#86 347 Предупреждение: Исправлена параметризация кривой.
#227 912 Предупреждение: Исправлена параметризация кривой.
#96 061 Предупреждение: Исправлена параметризация кривой.
#31 115 Предупреждение: Исправлена параметризация кривой.
#66 315 Предупреждение: Исправлена параметризация кривой.
#73 501 Предупреждение: Исправлена параметризация кривой.
#215 362 Предупреждение: Исправлена параметризация кривой.
#1 120 Предупреждение: Исправлена параметризация кривой.
#266 249 Предупреждение: Исправлена параметризация кривой.
#107 488 Предупреждение: Исправлена параметризация кривой.
#160 211 Предупреждение: Исправлена параметризация кривой.
#138 338 Предупреждение: Исправлена параметризация кривой.
#155 713 Предупреждение: Исправлена параметризация кривой.
#268 863 Предупреждение: Исправлена параметризация кривой.
#51 357 Предупреждение: Исправлена параметризация кривой.
#177 319 Предупреждение: Исправлена параметризация кривой.
#163 074 Предупреждение: Исправлена параметризация кривой.
#15 635 Предупреждение: Исправлена параметризация кривой.
#165 027 Предупреждение: Исправлена параметризация кривой.
#77 446 Предупреждение: Исправлена параметризация кривой.
#252 937 Предупреждение: Исправлена параметризация кривой.
#196 084 Предупреждение: Исправлена параметризация кривой.
#123 043 Предупреждение: Исправлена параметризация кривой.
#142 679 Предупреждение: Исправлена параметризация кривой.
#58 134 Предупреждение: Исправлена параметризация кривой.
#14 133 Предупреждение: Исправлена параметризация кривой.
#203 201 Предупреждение: Исправлена параметризация кривой.
#65 692 Предупреждение: Исправлена параметризация кривой.
#208 688 Предупреждение: Исправлена параметризация кривой.
#22 299 Предупреждение: Исправлена параметризация кривой.
#104 877 Предупреждение: Исправлена параметризация кривой.
#5 162 Предупреждение: Исправлена параметризация кривой.
#114 410 Предупреждение: Исправлена параметризация кривой.
#132 077 Предупреждение: Исправлена параметризация кривой.
#243 148 Предупреждение: Исправлена параметризация кривой.
#267 804 Предупреждение: Исправлена параметризация кривой.
#7 439 Предупреждение: Исправлена параметризация кривой.
#133 110 Предупреждение: Исправлена параметризация кривой.
#188 022 Предупреждение: Исправлена параметризация кривой.
#266 169 Предупреждение: Исправлена параметризация кривой.
#1 316 Предупреждение: Исправлена параметризация кривой.
#52 819 Предупреждение: Исправлена параметризация кривой.
#63 929 Предупреждение: Исправлена параметризация кривой.
#193 315 Предупреждение: Исправлена параметризация кривой.
#210 092 Предупреждение: Исправлена параметризация кривой.
#17 744 Предупреждение: Исправлена параметризация кривой.
#64 818 Предупреждение: Исправлена параметризация кривой.
#30 112 Предупреждение: Исправлена параметризация кривой.
#23 534 Предупреждение: Исправлена параметризация кривой.
#59 880 Предупреждение: Исправлена параметризация кривой.
#50 464 Предупреждение: Исправлена параметризация кривой.
#255 194 Предупреждение: Исправлена параметризация кривой.
#202 538 Предупреждение: Исправлена параметризация кривой.
#24 264 Предупреждение: Исправлена параметризация кривой.
#268 369 Предупреждение: Исправлена параметризация кривой.
#255 758 Предупреждение: Исправлена параметризация кривой.
#161 375 Предупреждение: Исправлена параметризация кривой.
#88 678 Предупреждение: Исправлена параметризация кривой.
#25 753 Предупреждение: Исправлена параметризация кривой.
#273 883 Предупреждение: Исправлена параметризация кривой.
#131 717 Предупреждение: Исправлена параметризация кривой.
#222 274 Предупреждение: Исправлена параметризация кривой.
#131 014 Предупреждение: Исправлена параметризация кривой.
#265 369 Предупреждение: Исправлена параметризация кривой.
#169 466 Предупреждение: Исправлена параметризация кривой.
#66 675 Предупреждение: Исправлена параметризация кривой.
#130 061 Предупреждение: Исправлена параметризация кривой.
#80 079 Предупреждение: Исправлена параметризация кривой.
#83 602 Предупреждение: Исправлена параметризация кривой.
#76 892 Предупреждение: Исправлена параметризация кривой.
#169 796 Предупреждение: Исправлена параметризация кривой.
#52 294 Предупреждение: Исправлена параметризация кривой.
#168 452 Предупреждение: Исправлена параметризация кривой.
#176 116 Предупреждение: Исправлена параметризация кривой.
#196 700 Предупреждение: Исправлена параметризация кривой.
#176 357 Предупреждение: Исправлена параметризация кривой.
#135 790 Предупреждение: Исправлена параметризация кривой.
#94 279 Предупреждение: Исправлена параметризация кривой.
#229 025 Предупреждение: Исправлена параметризация кривой.
#141 010 Предупреждение: Исправлена параметризация кривой.
#47 161 Предупреждение: Исправлена параметризация кривой.
#217 696 Предупреждение: Исправлена параметризация кривой.
#76 553 Предупреждение: Исправлена параметризация кривой.
#176 397 Предупреждение: Исправлена параметризация кривой.
#64 938 Предупреждение: Исправлена параметризация кривой.
#273 584 Предупреждение: Исправлена параметризация кривой.
#70 425 Предупреждение: Исправлена параметризация кривой.
#7 763 Предупреждение: Исправлена параметризация кривой.
#75 514 Предупреждение: Исправлена параметризация кривой.
#141 392 Предупреждение: Исправлена параметризация кривой.
#35 975 Предупреждение: Исправлена параметризация кривой.
#143 243 Предупреждение: Исправлена параметризация кривой.
#247 588 Предупреждение: Исправлена параметризация кривой.
#70 305 Предупреждение: Исправлена параметризация кривой.
#175 829 Предупреждение: Исправлена параметризация кривой.
#239 827 Предупреждение: Исправлена параметризация кривой.
#13 593 Предупреждение: Исправлена параметризация кривой.
#52 399 Предупреждение: Исправлена параметризация кривой.
#114 498 Предупреждение: Исправлена параметризация кривой.
#39 921 Предупреждение: Исправлена параметризация кривой.
#160 298 Предупреждение: Исправлена параметризация кривой.
#27 561 Предупреждение: Исправлена параметризация кривой.
#100 518 Предупреждение: Исправлена параметризация кривой.
#240 427 Предупреждение: Исправлена параметризация кривой.
#107 593 Предупреждение: Исправлена параметризация кривой.
#79 988 Предупреждение: Исправлена параметризация кривой.
#251 103 Предупреждение: Исправлена параметризация кривой.
#223 072 Предупреждение: Исправлена параметризация кривой.
#248 395 Предупреждение: Исправлена параметризация кривой.
#224 509 Предупреждение: Исправлена параметризация кривой.
#82 366 Предупреждение: Исправлена параметризация кривой.
#46 713 Предупреждение: Исправлена параметризация кривой.
#201 123 Предупреждение: Исправлена параметризация кривой.
#205 625 Предупреждение: Исправлена параметризация кривой.
#141 363 Предупреждение: Исправлена параметризация кривой.
#236 904 Предупреждение: Исправлена параметризация кривой.
#163 008 Предупреждение: Исправлена параметризация кривой.
#210 132 Предупреждение: Исправлена параметризация кривой.
#94 580 Предупреждение: Исправлена параметризация кривой.
#11 396 Предупреждение: Исправлена параметризация кривой.
#171 623 Предупреждение: Исправлена параметризация кривой.
#60 713 Предупреждение: Исправлена параметризация кривой.
#144 550 Предупреждение: Исправлена параметризация кривой.
#81 679 Предупреждение: Исправлена параметризация кривой.
#267 456 Предупреждение: Исправлена параметризация кривой.
#121 308 Предупреждение: Исправлена параметризация кривой.
#185 278 Предупреждение: Исправлена параметризация кривой.
#269 300 Предупреждение: Исправлена параметризация кривой.
#127 411 Предупреждение: Исправлена параметризация кривой.
#164 444 Предупреждение: Исправлена параметризация кривой.
#261 709 Предупреждение: Исправлена параметризация кривой.
#249 875 Предупреждение: Исправлена параметризация кривой.
#195 458 Предупреждение: Исправлена параметризация кривой.
#150 878 Предупреждение: Исправлена параметризация кривой.
#71 065 Предупреждение: Исправлена параметризация кривой.
#86 245 Предупреждение: Исправлена параметризация кривой.
#146 937 Предупреждение: Исправлена параметризация кривой.
#226 565 Предупреждение: Исправлена параметризация кривой.
#197 279 Предупреждение: Исправлена параметризация кривой.
#149 105 Предупреждение: Исправлена параметризация кривой.
#116 459 Предупреждение: Исправлена параметризация кривой.
#173 842 Предупреждение: Исправлена параметризация кривой.
#217 590 Предупреждение: Исправлена параметризация кривой.
#273 018 Предупреждение: Исправлена параметризация кривой.
#251 694 Предупреждение: Исправлена параметризация кривой.
#264 350 Предупреждение: Исправлена параметризация кривой.
#14 354 Предупреждение: Исправлена параметризация кривой.
#78 943 Предупреждение: Исправлена параметризация кривой.
#76 198 Предупреждение: Исправлена параметризация кривой.
#139 263 Предупреждение: Исправлена параметризация кривой.
#162 004 Предупреждение: Исправлена параметризация кривой.
#198 338 Предупреждение: Исправлена параметризация кривой.
#197 481 Предупреждение: Исправлена параметризация кривой.
#70 786 Предупреждение: Исправлена параметризация кривой.
#5 495 Предупреждение: Исправлена параметризация кривой.
#257 366 Предупреждение: Исправлена параметризация кривой.
#83 951 Предупреждение: Исправлена параметризация кривой.
#211 660 Предупреждение: Исправлена параметризация кривой.
#202 662 Предупреждение: Исправлена параметризация кривой.
#66 372 Предупреждение: Исправлена параметризация кривой.
#61 008 Предупреждение: Исправлена параметризация кривой.
#39 025 Предупреждение: Исправлена параметризация кривой.
#7 764 Предупреждение: Исправлена параметризация кривой.
#252 656 Предупреждение: Исправлена параметризация кривой.
#155 057 Предупреждение: Исправлена параметризация кривой.
#39 830 Предупреждение: Исправлена параметризация кривой.
#242 998 Предупреждение: Исправлена параметризация кривой.
#229 085 Предупреждение: Исправлена параметризация кривой.
#133 315 Предупреждение: Исправлена параметризация кривой.
#19 737 Предупреждение: Исправлена параметризация кривой.
#3 538 Предупреждение: Исправлена параметризация кривой.
#197 310 Предупреждение: Исправлена параметризация кривой.
#205 205 Предупреждение: Исправлена параметризация кривой.
#65 866 Предупреждение: Исправлена параметризация кривой.
#132 043 Предупреждение: Исправлена параметризация кривой.
#244 031 Предупреждение: Исправлена параметризация кривой.
#270 114 Предупреждение: Исправлена параметризация кривой.
#188 026 Предупреждение: Исправлена параметризация кривой.
#209 258 Предупреждение: Исправлена параметризация кривой.
#264 567 Предупреждение: Исправлена параметризация кривой.
#231 938 Предупреждение: Исправлена параметризация кривой.
#234 816 Предупреждение: Исправлена параметризация кривой.
#127 966 Предупреждение: Исправлена параметризация кривой.
#202 592 Предупреждение: Исправлена параметризация кривой.
#171 780 Предупреждение: Исправлена параметризация кривой.
#23 492 Предупреждение: Исправлена параметризация кривой.
#216 569 Предупреждение: Исправлена параметризация кривой.
#180 514 Предупреждение: Исправлена параметризация кривой.
#65 455 Предупреждение: Исправлена параметризация кривой.
#272 783 Предупреждение: Исправлена параметризация кривой.
#113 866 Предупреждение: Исправлена параметризация кривой.
#201 372 Предупреждение: Исправлена параметризация кривой.
#150 052 Предупреждение: Исправлена параметризация кривой.
#129 164 Предупреждение: Исправлена параметризация кривой.
#204 719 Предупреждение: Исправлена параметризация кривой.
#81 173 Предупреждение: Исправлена параметризация кривой.
#233 018 Предупреждение: Исправлена параметризация кривой.
#179 695 Предупреждение: Исправлена параметризация кривой.
#52 002 Предупреждение: Исправлена параметризация кривой.
#9 443 Предупреждение: Исправлена параметризация кривой.
#111 723 Предупреждение: Исправлена параметризация кривой.
#113 662 Предупреждение: Исправлена параметризация кривой.
#46 228 Предупреждение: Исправлена параметризация кривой.
#192 032 Предупреждение: Исправлена параметризация кривой.
#44 800 Предупреждение: Исправлена параметризация кривой.
#68 085 Предупреждение: Исправлена параметризация кривой.
#220 158 Предупреждение: Исправлена параметризация кривой.
#106 956 Предупреждение: Исправлена параметризация кривой.
#1 165 Предупреждение: Исправлена параметризация кривой.
#85 464 Предупреждение: Исправлена параметризация кривой.
#187 330 Предупреждение: Исправлена параметризация кривой.
#135 904 Предупреждение: Исправлена параметризация кривой.
#50 755 Предупреждение: Исправлена параметризация кривой.
#170 331 Предупреждение: Исправлена параметризация кривой.
#5 582 Предупреждение: Исправлена параметризация кривой.
#130 841 Предупреждение: Исправлена параметризация кривой.
#47 944 Предупреждение: Исправлена параметризация кривой.
#190 395 Предупреждение: Исправлена параметризация кривой.
#121 549 Предупреждение: Исправлена параметризация кривой.
#161 270 Предупреждение: Исправлена параметризация кривой.
#186 681 Предупреждение: Исправлена параметризация кривой.
#96 482 Предупреждение: Исправлена параметризация кривой.
#233 173 Предупреждение: Исправлена параметризация кривой.
#268 987 Предупреждение: Исправлена параметризация кривой.
#162 977 Предупреждение: Исправлена параметризация кривой.
#4 196 Предупреждение: Исправлена параметризация кривой.
#217 907 Предупреждение: Исправлена параметризация кривой.
#128 069 Предупреждение: Исправлена параметризация кривой.
#64 556 Предупреждение: Исправлена параметризация кривой.
#193 011 Предупреждение: Исправлена параметризация кривой.
#50 228 Предупреждение: Исправлена параметризация кривой.
#244 856 Предупреждение: Исправлена параметризация кривой.
#55 866 Предупреждение: Исправлена параметризация кривой.
#178 476 Предупреждение: Исправлена параметризация кривой.
#239 084 Предупреждение: Исправлена параметризация кривой.
#246 051 Предупреждение: Исправлена параметризация кривой.
#31 540 Предупреждение: Исправлена параметризация кривой.
#232 047 Предупреждение: Исправлена параметризация кривой.
#65 305 Предупреждение: Исправлена параметризация кривой.
#82 146 Предупреждение: Исправлена параметризация кривой.
#136 365 Предупреждение: Исправлена параметризация кривой.
#56 600 Предупреждение: Исправлена параметризация кривой.
#94 694 Предупреждение: Исправлена параметризация кривой.
#119 596 Предупреждение: Исправлена параметризация кривой.
#101 051 Предупреждение: Исправлена параметризация кривой.
#257 296 Предупреждение: Исправлена параметризация кривой.
#93 338 Предупреждение: Исправлена параметризация кривой.
#215 487 Предупреждение: Исправлена параметризация кривой.
#52 970 Предупреждение: Исправлена параметризация кривой.
#236 173 Предупреждение: Исправлена параметризация кривой.
#82 472 Предупреждение: Исправлена параметризация кривой.
#149 695 Предупреждение: Исправлена параметризация кривой.
#182 184 Предупреждение: Исправлена параметризация кривой.
#15 508 Предупреждение: Исправлена параметризация кривой.
#172 883 Предупреждение: Исправлена параметризация кривой.
#238 863 Предупреждение: Исправлена параметризация кривой.
#269 583 Предупреждение: Исправлена параметризация кривой.
#207 582 Предупреждение: Исправлена параметризация кривой.
#248 488 Предупреждение: Исправлена параметризация кривой.
#232 311 Предупреждение: Исправлена параметризация кривой.
#53 401 Предупреждение: Исправлена параметризация кривой.
#241 595 Предупреждение: Исправлена параметризация кривой.
#137 014 Предупреждение: Исправлена параметризация кривой.
#77 114 Предупреждение: Исправлена параметризация кривой.
#182 509 Предупреждение: Исправлена параметризация кривой.
#117 562 Предупреждение: Исправлена параметризация кривой.
#60 440 Предупреждение: Исправлена параметризация кривой.
#36 179 Предупреждение: Исправлена параметризация кривой.
#76 852 Предупреждение: Исправлена параметризация кривой.
#90 341 Предупреждение: Исправлена параметризация кривой.
#188 426 Предупреждение: Исправлена параметризация кривой.
#63 417 Предупреждение: Исправлена параметризация кривой.
#169 450 Предупреждение: Исправлена параметризация кривой.
#55 201 Предупреждение: Исправлена параметризация кривой.
#75 761 Предупреждение: Исправлена параметризация кривой.
#161 103 Предупреждение: Исправлена параметризация кривой.
#47 290 Предупреждение: Исправлена параметризация кривой.
#25 703 Предупреждение: Исправлена параметризация кривой.
#196 949 Предупреждение: Исправлена параметризация кривой.
#83 254 Предупреждение: Исправлена параметризация кривой.
#43 372 Предупреждение: Исправлена параметризация кривой.
#160 720 Предупреждение: Исправлена параметризация кривой.
#52 692 Предупреждение: Исправлена параметризация кривой.
#4 265 Предупреждение: Исправлена параметризация кривой.
#233 557 Предупреждение: Исправлена параметризация кривой.
#102 682 Предупреждение: Исправлена параметризация кривой.
#183 863 Предупреждение: Исправлена параметризация кривой.
#19 679 Предупреждение: Исправлена параметризация кривой.
#211 133 Предупреждение: Исправлена параметризация кривой.
#241 423 Предупреждение: Исправлена параметризация кривой.
#38 476 Предупреждение: Исправлена параметризация кривой.
#205 117 Предупреждение: Исправлена параметризация кривой.
#246 391 Предупреждение: Исправлена параметризация кривой.
#134 804 Предупреждение: Исправлена параметризация кривой.
#50 405 Предупреждение: Исправлена параметризация кривой.
#100 958 Предупреждение: Исправлена параметризация кривой.
#251 622 Предупреждение: Исправлена параметризация кривой.
#50 834 Предупреждение: Исправлена параметризация кривой.
#225 755 Предупреждение: Исправлена параметризация кривой.
#198 730 Предупреждение: Исправлена параметризация кривой.
#255 084 Предупреждение: Исправлена параметризация кривой.
#19 042 Предупреждение: Исправлена параметризация кривой.
#252 059 Предупреждение: Исправлена параметризация кривой.
#162 724 Предупреждение: Исправлена параметризация кривой.
#64 765 Предупреждение: Исправлена параметризация кривой.
#38 362 Предупреждение: Исправлена параметризация кривой.
#235 672 Предупреждение: Исправлена параметризация кривой.
#47 611 Предупреждение: Исправлена параметризация кривой.
#260 370 Предупреждение: Исправлена параметризация кривой.
#180 766 Предупреждение: Исправлена параметризация кривой.
#111 972 Предупреждение: Исправлена параметризация кривой.
#57 098 Предупреждение: Исправлена параметризация кривой.
#58 018 Предупреждение: Исправлена параметризация кривой.
#48 376 Предупреждение: Исправлена параметризация кривой.
#227 750 Предупреждение: Исправлена параметризация кривой.
#32 984 Предупреждение: Исправлена параметризация кривой.
#19 719 Предупреждение: Исправлена параметризация кривой.
#259 519 Предупреждение: Исправлена параметризация кривой.
#184 126 Предупреждение: Исправлена параметризация кривой.
#147 582 Предупреждение: Исправлена параметризация кривой.
#29 126 Предупреждение: Исправлена параметризация кривой.
#197 094 Предупреждение: Исправлена параметризация кривой.
#146 437 Предупреждение: Исправлена параметризация кривой.
#2 484 Предупреждение: Исправлена параметризация кривой.
#53 621 Предупреждение: Исправлена параметризация кривой.
